{"/Users/timdobranski/Desktop/Hack Reactor/fec/Atelier/client/src/components/related-items-comparison/Comparison.jsx": {"path":"/Users/timdobranski/Desktop/Hack Reactor/fec/Atelier/client/src/components/related-items-comparison/Comparison.jsx","statementMap":{"0":{"start":{"line":3,"column":19},"end":{"line":20,"column":1}},"1":{"start":{"line":4,"column":2},"end":{"line":19,"column":3}},"2":{"start":{"line":10,"column":6},"end":{"line":14,"column":11}}},"fnMap":{"0":{"name":"(anonymous_0)","decl":{"start":{"line":3,"column":19},"end":{"line":3,"column":20}},"loc":{"start":{"line":3,"column":25},"end":{"line":20,"column":1}},"line":3},"1":{"name":"(anonymous_1)","decl":{"start":{"line":9,"column":34},"end":{"line":9,"column":35}},"loc":{"start":{"line":10,"column":6},"end":{"line":14,"column":11}},"line":10}},"branchMap":{},"s":{"0":1,"1":1,"2":10},"f":{"0":1,"1":10},"b":{},"_coverageSchema":"1a1c01bbd47fc00a2c39e90264f33305004495a9","hash":"b1914bd0bcd5b7afa13300d7e5bc27b9c28c4dc0"}
,"/Users/timdobranski/Desktop/Hack Reactor/fec/Atelier/client/src/components/related-items-comparison/Outfit.jsx": {"path":"/Users/timdobranski/Desktop/Hack Reactor/fec/Atelier/client/src/components/related-items-comparison/Outfit.jsx","statementMap":{"0":{"start":{"line":6,"column":15},"end":{"line":60,"column":1}},"1":{"start":{"line":7,"column":38},"end":{"line":7,"column":52}},"2":{"start":{"line":8,"column":46},"end":{"line":8,"column":57}},"3":{"start":{"line":9,"column":42},"end":{"line":9,"column":106}},"4":{"start":{"line":11,"column":29},"end":{"line":11,"column":36}},"5":{"start":{"line":12,"column":29},"end":{"line":12,"column":36}},"6":{"start":{"line":18,"column":2},"end":{"line":18,"column":33}},"7":{"start":{"line":22,"column":2},"end":{"line":28,"column":3}},"8":{"start":{"line":23,"column":4},"end":{"line":27,"column":5}},"9":{"start":{"line":36,"column":2},"end":{"line":59,"column":3}},"10":{"start":{"line":41,"column":24},"end":{"line":41,"column":56}},"11":{"start":{"line":51,"column":24},"end":{"line":51,"column":56}}},"fnMap":{"0":{"name":"(anonymous_0)","decl":{"start":{"line":6,"column":15},"end":{"line":6,"column":16}},"loc":{"start":{"line":6,"column":62},"end":{"line":60,"column":1}},"line":6},"1":{"name":"(anonymous_1)","decl":{"start":{"line":41,"column":17},"end":{"line":41,"column":18}},"loc":{"start":{"line":41,"column":23},"end":{"line":41,"column":57}},"line":41},"2":{"name":"(anonymous_2)","decl":{"start":{"line":51,"column":17},"end":{"line":51,"column":18}},"loc":{"start":{"line":51,"column":23},"end":{"line":51,"column":57}},"line":51}},"branchMap":{"0":{"loc":{"start":{"line":22,"column":2},"end":{"line":28,"column":3}},"type":"if","locations":[{"start":{"line":22,"column":2},"end":{"line":28,"column":3}},{"start":{},"end":{}}],"line":22},"1":{"loc":{"start":{"line":42,"column":19},"end":{"line":42,"column":54}},"type":"cond-expr","locations":[{"start":{"line":42,"column":42},"end":{"line":42,"column":44}},{"start":{"line":42,"column":46},"end":{"line":42,"column":54}}],"line":42},"2":{"loc":{"start":{"line":43,"column":18},"end":{"line":43,"column":53}},"type":"cond-expr","locations":[{"start":{"line":43,"column":41},"end":{"line":43,"column":46}},{"start":{"line":43,"column":49},"end":{"line":43,"column":53}}],"line":43},"3":{"loc":{"start":{"line":52,"column":19},"end":{"line":52,"column":78}},"type":"cond-expr","locations":[{"start":{"line":52,"column":66},"end":{"line":52,"column":68}},{"start":{"line":52,"column":70},"end":{"line":52,"column":78}}],"line":52},"4":{"loc":{"start":{"line":53,"column":19},"end":{"line":53,"column":78}},"type":"cond-expr","locations":[{"start":{"line":53,"column":66},"end":{"line":53,"column":71}},{"start":{"line":53,"column":74},"end":{"line":53,"column":78}}],"line":53}},"s":{"0":1,"1":1,"2":1,"3":1,"4":1,"5":1,"6":1,"7":1,"8":0,"9":1,"10":0,"11":0},"f":{"0":1,"1":0,"2":0},"b":{"0":[0,1],"1":[0,1],"2":[0,1],"3":[1,0],"4":[1,0]},"_coverageSchema":"1a1c01bbd47fc00a2c39e90264f33305004495a9","hash":"ad3f3e84b1f3899bcfa4539c7151c29e039f8206"}
,"/Users/timdobranski/Desktop/Hack Reactor/fec/Atelier/client/src/components/related-items-comparison/OutfitCard.jsx": {"path":"/Users/timdobranski/Desktop/Hack Reactor/fec/Atelier/client/src/components/related-items-comparison/OutfitCard.jsx","statementMap":{"0":{"start":{"line":3,"column":19},"end":{"line":14,"column":1}},"1":{"start":{"line":4,"column":2},"end":{"line":13,"column":3}}},"fnMap":{"0":{"name":"(anonymous_0)","decl":{"start":{"line":3,"column":19},"end":{"line":3,"column":20}},"loc":{"start":{"line":3,"column":25},"end":{"line":14,"column":1}},"line":3}},"branchMap":{},"s":{"0":1,"1":5},"f":{"0":5},"b":{},"_coverageSchema":"1a1c01bbd47fc00a2c39e90264f33305004495a9","hash":"c800673e4811fcc3afa4e08f3f791148a7f36c79"}
,"/Users/timdobranski/Desktop/Hack Reactor/fec/Atelier/client/src/components/related-items-comparison/Related.jsx": {"path":"/Users/timdobranski/Desktop/Hack Reactor/fec/Atelier/client/src/components/related-items-comparison/Related.jsx","statementMap":{"0":{"start":{"line":7,"column":16},"end":{"line":86,"column":1}},"1":{"start":{"line":9,"column":38},"end":{"line":9,"column":52}},"2":{"start":{"line":10,"column":44},"end":{"line":10,"column":56}},"3":{"start":{"line":11,"column":46},"end":{"line":11,"column":57}},"4":{"start":{"line":13,"column":29},"end":{"line":13,"column":36}},"5":{"start":{"line":14,"column":29},"end":{"line":14,"column":36}},"6":{"start":{"line":17,"column":2},"end":{"line":19,"column":3}},"7":{"start":{"line":18,"column":4},"end":{"line":18,"column":21}},"8":{"start":{"line":21,"column":28},"end":{"line":37,"column":3}},"9":{"start":{"line":22,"column":4},"end":{"line":22,"column":23}},"10":{"start":{"line":23,"column":4},"end":{"line":36,"column":6}},"11":{"start":{"line":29,"column":6},"end":{"line":29,"column":37}},"12":{"start":{"line":32,"column":6},"end":{"line":32,"column":26}},"13":{"start":{"line":35,"column":6},"end":{"line":35,"column":26}},"14":{"start":{"line":40,"column":2},"end":{"line":40,"column":44}},"15":{"start":{"line":43,"column":2},"end":{"line":85,"column":3}},"16":{"start":{"line":44,"column":4},"end":{"line":48,"column":5}},"17":{"start":{"line":51,"column":4},"end":{"line":83,"column":5}},"18":{"start":{"line":56,"column":26},"end":{"line":56,"column":58}},"19":{"start":{"line":64,"column":10},"end":{"line":70,"column":12}},"20":{"start":{"line":75,"column":26},"end":{"line":75,"column":58}}},"fnMap":{"0":{"name":"(anonymous_0)","decl":{"start":{"line":7,"column":16},"end":{"line":7,"column":17}},"loc":{"start":{"line":7,"column":49},"end":{"line":86,"column":1}},"line":7},"1":{"name":"(anonymous_1)","decl":{"start":{"line":21,"column":28},"end":{"line":21,"column":29}},"loc":{"start":{"line":21,"column":34},"end":{"line":37,"column":3}},"line":21},"2":{"name":"(anonymous_2)","decl":{"start":{"line":28,"column":10},"end":{"line":28,"column":11}},"loc":{"start":{"line":28,"column":24},"end":{"line":30,"column":5}},"line":28},"3":{"name":"(anonymous_3)","decl":{"start":{"line":31,"column":10},"end":{"line":31,"column":11}},"loc":{"start":{"line":31,"column":16},"end":{"line":33,"column":5}},"line":31},"4":{"name":"(anonymous_4)","decl":{"start":{"line":34,"column":10},"end":{"line":34,"column":11}},"loc":{"start":{"line":34,"column":16},"end":{"line":36,"column":5}},"line":34},"5":{"name":"(anonymous_5)","decl":{"start":{"line":56,"column":19},"end":{"line":56,"column":20}},"loc":{"start":{"line":56,"column":25},"end":{"line":56,"column":59}},"line":56},"6":{"name":"(anonymous_6)","decl":{"start":{"line":63,"column":66},"end":{"line":63,"column":67}},"loc":{"start":{"line":63,"column":79},"end":{"line":71,"column":10}},"line":63},"7":{"name":"(anonymous_7)","decl":{"start":{"line":75,"column":19},"end":{"line":75,"column":20}},"loc":{"start":{"line":75,"column":25},"end":{"line":75,"column":59}},"line":75}},"branchMap":{"0":{"loc":{"start":{"line":17,"column":2},"end":{"line":19,"column":3}},"type":"if","locations":[{"start":{"line":17,"column":2},"end":{"line":19,"column":3}},{"start":{},"end":{}}],"line":17},"1":{"loc":{"start":{"line":43,"column":2},"end":{"line":85,"column":3}},"type":"if","locations":[{"start":{"line":43,"column":2},"end":{"line":85,"column":3}},{"start":{"line":49,"column":9},"end":{"line":85,"column":3}}],"line":43},"2":{"loc":{"start":{"line":57,"column":21},"end":{"line":57,"column":56}},"type":"cond-expr","locations":[{"start":{"line":57,"column":44},"end":{"line":57,"column":46}},{"start":{"line":57,"column":48},"end":{"line":57,"column":56}}],"line":57},"3":{"loc":{"start":{"line":58,"column":20},"end":{"line":58,"column":55}},"type":"cond-expr","locations":[{"start":{"line":58,"column":43},"end":{"line":58,"column":48}},{"start":{"line":58,"column":51},"end":{"line":58,"column":55}}],"line":58},"4":{"loc":{"start":{"line":76,"column":21},"end":{"line":76,"column":81}},"type":"cond-expr","locations":[{"start":{"line":76,"column":69},"end":{"line":76,"column":71}},{"start":{"line":76,"column":73},"end":{"line":76,"column":81}}],"line":76},"5":{"loc":{"start":{"line":77,"column":21},"end":{"line":77,"column":81}},"type":"cond-expr","locations":[{"start":{"line":77,"column":69},"end":{"line":77,"column":74}},{"start":{"line":77,"column":77},"end":{"line":77,"column":81}}],"line":77}},"s":{"0":1,"1":11,"2":11,"3":11,"4":11,"5":11,"6":11,"7":0,"8":11,"9":5,"10":5,"11":5,"12":5,"13":5,"14":11,"15":11,"16":5,"17":6,"18":0,"19":24,"20":1},"f":{"0":11,"1":5,"2":5,"3":5,"4":5,"5":0,"6":24,"7":1},"b":{"0":[0,11],"1":[5,6],"2":[1,5],"3":[1,5],"4":[5,1],"5":[5,1]},"_coverageSchema":"1a1c01bbd47fc00a2c39e90264f33305004495a9","hash":"d8d1c8ea323ab37f4f0fff7a240e8254a2a3e30a"}
,"/Users/timdobranski/Desktop/Hack Reactor/fec/Atelier/client/src/components/related-items-comparison/RelatedCard.jsx": {"path":"/Users/timdobranski/Desktop/Hack Reactor/fec/Atelier/client/src/components/related-items-comparison/RelatedCard.jsx","statementMap":{"0":{"start":{"line":3,"column":20},"end":{"line":19,"column":1}},"1":{"start":{"line":7,"column":2},"end":{"line":18,"column":3}},"2":{"start":{"line":8,"column":54},"end":{"line":8,"column":75}}},"fnMap":{"0":{"name":"(anonymous_0)","decl":{"start":{"line":3,"column":20},"end":{"line":3,"column":21}},"loc":{"start":{"line":3,"column":62},"end":{"line":19,"column":1}},"line":3},"1":{"name":"(anonymous_1)","decl":{"start":{"line":8,"column":47},"end":{"line":8,"column":48}},"loc":{"start":{"line":8,"column":53},"end":{"line":8,"column":76}},"line":8}},"branchMap":{"0":{"loc":{"start":{"line":12,"column":32},"end":{"line":12,"column":72}},"type":"cond-expr","locations":[{"start":{"line":12,"column":53},"end":{"line":12,"column":62}},{"start":{"line":12,"column":65},"end":{"line":12,"column":72}}],"line":12},"1":{"loc":{"start":{"line":13,"column":10},"end":{"line":13,"column":57}},"type":"cond-expr","locations":[{"start":{"line":13,"column":31},"end":{"line":13,"column":44}},{"start":{"line":13,"column":47},"end":{"line":13,"column":57}}],"line":13},"2":{"loc":{"start":{"line":14,"column":10},"end":{"line":14,"column":57}},"type":"cond-expr","locations":[{"start":{"line":14,"column":31},"end":{"line":14,"column":47}},{"start":{"line":14,"column":50},"end":{"line":14,"column":57}}],"line":14}},"s":{"0":1,"1":24,"2":1},"f":{"0":24,"1":1},"b":{"0":[24,0],"1":[24,0],"2":[24,0]},"_coverageSchema":"1a1c01bbd47fc00a2c39e90264f33305004495a9","hash":"b942a20fb7bbabb07b18925c0529f18dd7d4eae5"}
,"/Users/timdobranski/Desktop/Hack Reactor/fec/Atelier/client/src/components/related-items-comparison/helpers.js": {"path":"/Users/timdobranski/Desktop/Hack Reactor/fec/Atelier/client/src/components/related-items-comparison/helpers.js","statementMap":{"0":{"start":{"line":3,"column":16},"end":{"line":29,"column":1}},"1":{"start":{"line":6,"column":4},"end":{"line":8,"column":6}},"2":{"start":{"line":7,"column":6},"end":{"line":7,"column":30}},"3":{"start":{"line":11,"column":4},"end":{"line":13,"column":6}},"4":{"start":{"line":12,"column":6},"end":{"line":12,"column":30}},"5":{"start":{"line":16,"column":4},"end":{"line":26,"column":6}},"6":{"start":{"line":22,"column":6},"end":{"line":22,"column":32}},"7":{"start":{"line":25,"column":6},"end":{"line":25,"column":24}}},"fnMap":{"0":{"name":"(anonymous_0)","decl":{"start":{"line":5,"column":18},"end":{"line":5,"column":19}},"loc":{"start":{"line":5,"column":30},"end":{"line":9,"column":3}},"line":5},"1":{"name":"(anonymous_1)","decl":{"start":{"line":6,"column":11},"end":{"line":6,"column":12}},"loc":{"start":{"line":6,"column":29},"end":{"line":8,"column":5}},"line":6},"2":{"name":"(anonymous_2)","decl":{"start":{"line":10,"column":18},"end":{"line":10,"column":19}},"loc":{"start":{"line":10,"column":30},"end":{"line":14,"column":3}},"line":10},"3":{"name":"(anonymous_3)","decl":{"start":{"line":11,"column":11},"end":{"line":11,"column":12}},"loc":{"start":{"line":11,"column":29},"end":{"line":13,"column":5}},"line":11},"4":{"name":"(anonymous_4)","decl":{"start":{"line":15,"column":19},"end":{"line":15,"column":20}},"loc":{"start":{"line":15,"column":47},"end":{"line":27,"column":3}},"line":15},"5":{"name":"(anonymous_5)","decl":{"start":{"line":21,"column":10},"end":{"line":21,"column":11}},"loc":{"start":{"line":21,"column":24},"end":{"line":23,"column":5}},"line":21},"6":{"name":"(anonymous_6)","decl":{"start":{"line":24,"column":10},"end":{"line":24,"column":11}},"loc":{"start":{"line":24,"column":16},"end":{"line":26,"column":5}},"line":24}},"branchMap":{},"s":{"0":2,"1":1,"2":1,"3":0,"4":0,"5":0,"6":0,"7":0},"f":{"0":1,"1":1,"2":0,"3":0,"4":0,"5":0,"6":0},"b":{},"_coverageSchema":"1a1c01bbd47fc00a2c39e90264f33305004495a9","hash":"404a14a24122bc350eb35e59ea391d9be5f3d25b"}
,"/Users/timdobranski/Desktop/Hack Reactor/fec/Atelier/spec/overview-testing/multiply.js": {"path":"/Users/timdobranski/Desktop/Hack Reactor/fec/Atelier/spec/overview-testing/multiply.js","statementMap":{"0":{"start":{"line":2,"column":2},"end":{"line":2,"column":13}},"1":{"start":{"line":4,"column":0},"end":{"line":4,"column":26}}},"fnMap":{"0":{"name":"multiply","decl":{"start":{"line":1,"column":9},"end":{"line":1,"column":17}},"loc":{"start":{"line":1,"column":24},"end":{"line":3,"column":1}},"line":1}},"branchMap":{},"s":{"0":1,"1":1},"f":{"0":1},"b":{},"_coverageSchema":"1a1c01bbd47fc00a2c39e90264f33305004495a9","hash":"330113d3166f0266385c89c748e9295d429178a7"}
,"/Users/timdobranski/Desktop/Hack Reactor/fec/Atelier/spec/question-answer/multiply3.js": {"path":"/Users/timdobranski/Desktop/Hack Reactor/fec/Atelier/spec/question-answer/multiply3.js","statementMap":{"0":{"start":{"line":2,"column":2},"end":{"line":2,"column":13}},"1":{"start":{"line":4,"column":0},"end":{"line":4,"column":27}}},"fnMap":{"0":{"name":"multiply3","decl":{"start":{"line":1,"column":9},"end":{"line":1,"column":18}},"loc":{"start":{"line":1,"column":22},"end":{"line":3,"column":1}},"line":1}},"branchMap":{},"s":{"0":1,"1":1},"f":{"0":1},"b":{},"_coverageSchema":"1a1c01bbd47fc00a2c39e90264f33305004495a9","hash":"26a816faf69a459ac409ca2aa8626a344287d4a2"}
,"/Users/timdobranski/Desktop/Hack Reactor/fec/Atelier/spec/ratingsReviewSpec/minus.js": {"path":"/Users/timdobranski/Desktop/Hack Reactor/fec/Atelier/spec/ratingsReviewSpec/minus.js","statementMap":{"0":{"start":{"line":2,"column":2},"end":{"line":2,"column":15}},"1":{"start":{"line":4,"column":0},"end":{"line":4,"column":23}}},"fnMap":{"0":{"name":"minus","decl":{"start":{"line":1,"column":9},"end":{"line":1,"column":14}},"loc":{"start":{"line":1,"column":21},"end":{"line":3,"column":1}},"line":1}},"branchMap":{},"s":{"0":1,"1":1},"f":{"0":1},"b":{},"_coverageSchema":"1a1c01bbd47fc00a2c39e90264f33305004495a9","hash":"ffd9201875aa4d006091cd8d11e8d181e159f58f"}
}
