TN:
SF:client/src/components/related-items-comparison/Comparison.jsx
FN:3,(anonymous_0)
FN:9,(anonymous_1)
FNF:2
FNH:2
FNDA:1,(anonymous_0)
FNDA:10,(anonymous_1)
DA:3,1
DA:4,1
DA:10,10
LF:3
LH:3
BRF:0
BRH:0
end_of_record
TN:
SF:client/src/components/related-items-comparison/Outfit.jsx
FN:6,(anonymous_0)
FN:41,(anonymous_1)
FN:51,(anonymous_2)
FNF:3
FNH:1
FNDA:1,(anonymous_0)
FNDA:0,(anonymous_1)
FNDA:0,(anonymous_2)
DA:6,1
DA:7,1
DA:8,1
DA:9,1
DA:11,1
DA:12,1
DA:18,1
DA:22,1
DA:23,0
DA:36,1
DA:41,0
DA:51,0
LF:12
LH:9
BRDA:22,0,0,0
BRDA:22,0,1,1
BRDA:42,1,0,0
BRDA:42,1,1,1
BRDA:43,2,0,0
BRDA:43,2,1,1
BRDA:52,3,0,1
BRDA:52,3,1,0
BRDA:53,4,0,1
BRDA:53,4,1,0
BRF:10
BRH:5
end_of_record
TN:
SF:client/src/components/related-items-comparison/OutfitCard.jsx
FN:3,(anonymous_0)
FNF:1
FNH:1
FNDA:5,(anonymous_0)
DA:3,1
DA:4,5
LF:2
LH:2
BRF:0
BRH:0
end_of_record
TN:
SF:client/src/components/related-items-comparison/Related.jsx
FN:7,(anonymous_0)
FN:21,(anonymous_1)
FN:28,(anonymous_2)
FN:31,(anonymous_3)
FN:34,(anonymous_4)
FN:56,(anonymous_5)
FN:63,(anonymous_6)
FN:75,(anonymous_7)
FNF:8
FNH:7
FNDA:11,(anonymous_0)
FNDA:5,(anonymous_1)
FNDA:5,(anonymous_2)
FNDA:5,(anonymous_3)
FNDA:5,(anonymous_4)
FNDA:0,(anonymous_5)
FNDA:24,(anonymous_6)
FNDA:1,(anonymous_7)
DA:7,1
DA:9,11
DA:10,11
DA:11,11
DA:13,11
DA:14,11
DA:17,11
DA:18,0
DA:21,11
DA:22,5
DA:23,5
DA:29,5
DA:32,5
DA:35,5
DA:40,11
DA:43,11
DA:44,5
DA:51,6
DA:56,0
DA:64,24
DA:75,1
LF:21
LH:19
BRDA:17,0,0,0
BRDA:17,0,1,11
BRDA:43,1,0,5
BRDA:43,1,1,6
BRDA:57,2,0,1
BRDA:57,2,1,5
BRDA:58,3,0,1
BRDA:58,3,1,5
BRDA:76,4,0,5
BRDA:76,4,1,1
BRDA:77,5,0,5
BRDA:77,5,1,1
BRF:12
BRH:11
end_of_record
TN:
SF:client/src/components/related-items-comparison/RelatedCard.jsx
FN:3,(anonymous_0)
FN:8,(anonymous_1)
FNF:2
FNH:2
FNDA:24,(anonymous_0)
FNDA:1,(anonymous_1)
DA:3,1
DA:7,24
DA:8,1
LF:3
LH:3
BRDA:12,0,0,24
BRDA:12,0,1,0
BRDA:13,1,0,24
BRDA:13,1,1,0
BRDA:14,2,0,24
BRDA:14,2,1,0
BRF:6
BRH:3
end_of_record
TN:
SF:client/src/components/related-items-comparison/helpers.js
FN:5,(anonymous_0)
FN:6,(anonymous_1)
FN:10,(anonymous_2)
FN:11,(anonymous_3)
FN:15,(anonymous_4)
FN:21,(anonymous_5)
FN:24,(anonymous_6)
FNF:7
FNH:2
FNDA:1,(anonymous_0)
FNDA:1,(anonymous_1)
FNDA:0,(anonymous_2)
FNDA:0,(anonymous_3)
FNDA:0,(anonymous_4)
FNDA:0,(anonymous_5)
FNDA:0,(anonymous_6)
DA:3,2
DA:6,1
DA:7,1
DA:11,0
DA:12,0
DA:16,0
DA:22,0
DA:25,0
LF:8
LH:3
BRF:0
BRH:0
end_of_record
TN:
SF:spec/overview-testing/multiply.js
FN:1,multiply
FNF:1
FNH:1
FNDA:1,multiply
DA:2,1
DA:4,1
LF:2
LH:2
BRF:0
BRH:0
end_of_record
TN:
SF:spec/question-answer/multiply3.js
FN:1,multiply3
FNF:1
FNH:1
FNDA:1,multiply3
DA:2,1
DA:4,1
LF:2
LH:2
BRF:0
BRH:0
end_of_record
TN:
SF:spec/ratingsReviewSpec/minus.js
FN:1,minus
FNF:1
FNH:1
FNDA:1,minus
DA:2,1
DA:4,1
LF:2
LH:2
BRF:0
BRH:0
end_of_record
